2021-02-19 09:56:24.832 [restartedMain] INFO  com.mark.BlogApplication - Starting BlogApplication on DESKTOP-STBQQN2 with PID 12704 (started by 木可 in D:\project\Idea Project\项目\boot_blog)
2021-02-19 09:56:24.836 [restartedMain] INFO  com.mark.BlogApplication - The following profiles are active: prod
2021-02-19 09:56:24.863 [restartedMain] INFO  o.s.boot.devtools.restart.ChangeableUrls - The Class-Path manifest attribute in D:\dev\env\maven\repo\com\sun\xml\bind\jaxb-core\2.3.0.1\jaxb-core-2.3.0.1.jar referenced one or more files that do not exist: file:/D:/dev/env/maven/repo/com/sun/xml/bind/jaxb-core/2.3.0.1/jaxb-api.jar
2021-02-19 09:56:24.863 [restartedMain] INFO  o.s.boot.devtools.restart.ChangeableUrls - The Class-Path manifest attribute in D:\dev\env\maven\repo\com\sun\xml\bind\jaxb-impl\2.3.2\jaxb-impl-2.3.2.jar referenced one or more files that do not exist: file:/D:/dev/env/maven/repo/com/sun/xml/bind/jaxb-impl/2.3.2/jaxb-runtime-2.3.2.jar,file:/D:/dev/env/maven/repo/com/sun/xml/bind/jaxb-impl/2.3.2/txw2-2.3.2.jar,file:/D:/dev/env/maven/repo/com/sun/xml/bind/jaxb-impl/2.3.2/istack-commons-runtime-3.0.8.jar,file:/D:/dev/env/maven/repo/com/sun/xml/bind/jaxb-impl/2.3.2/stax-ex-1.8.1.jar,file:/D:/dev/env/maven/repo/com/sun/xml/bind/jaxb-impl/2.3.2/FastInfoset-1.2.16.jar,file:/D:/dev/env/maven/repo/com/sun/xml/bind/jaxb-impl/2.3.2/jakarta.activation-api-1.2.1.jar
2021-02-19 09:56:24.863 [restartedMain] INFO  o.s.b.d.env.DevToolsPropertyDefaultsPostProcessor - Devtools property defaults active! Set 'spring.devtools.add-properties' to 'false' to disable
2021-02-19 09:56:24.863 [restartedMain] INFO  o.s.b.d.env.DevToolsPropertyDefaultsPostProcessor - For additional web related logging consider setting the 'logging.level.web' property to 'DEBUG'
2021-02-19 09:56:25.534 [restartedMain] INFO  o.s.d.r.config.RepositoryConfigurationDelegate - Multiple Spring Data modules found, entering strict repository configuration mode!
2021-02-19 09:56:25.536 [restartedMain] INFO  o.s.d.r.config.RepositoryConfigurationDelegate - Bootstrapping Spring Data repositories in DEFAULT mode.
2021-02-19 09:56:25.567 [restartedMain] INFO  o.s.d.r.config.RepositoryConfigurationDelegate - Finished Spring Data repository scanning in 22ms. Found 0 repository interfaces.
2021-02-19 09:56:25.793 [restartedMain] INFO  o.s.c.s.PostProcessorRegistrationDelegate$BeanPostProcessorChecker - Bean 'org.springframework.transaction.annotation.ProxyTransactionManagementConfiguration' of type [org.springframework.transaction.annotation.ProxyTransactionManagementConfiguration] is not eligible for getting processed by all BeanPostProcessors (for example: not eligible for auto-proxying)
2021-02-19 09:56:25.817 [restartedMain] INFO  o.s.c.s.PostProcessorRegistrationDelegate$BeanPostProcessorChecker - Bean 'org.springframework.security.config.annotation.configuration.ObjectPostProcessorConfiguration' of type [org.springframework.security.config.annotation.configuration.ObjectPostProcessorConfiguration] is not eligible for getting processed by all BeanPostProcessors (for example: not eligible for auto-proxying)
2021-02-19 09:56:25.820 [restartedMain] INFO  o.s.c.s.PostProcessorRegistrationDelegate$BeanPostProcessorChecker - Bean 'objectPostProcessor' of type [org.springframework.security.config.annotation.configuration.AutowireBeanFactoryObjectPostProcessor] is not eligible for getting processed by all BeanPostProcessors (for example: not eligible for auto-proxying)
2021-02-19 09:56:25.821 [restartedMain] INFO  o.s.c.s.PostProcessorRegistrationDelegate$BeanPostProcessorChecker - Bean 'org.springframework.security.access.expression.method.DefaultMethodSecurityExpressionHandler@2e01d29e' of type [org.springframework.security.access.expression.method.DefaultMethodSecurityExpressionHandler] is not eligible for getting processed by all BeanPostProcessors (for example: not eligible for auto-proxying)
2021-02-19 09:56:25.822 [restartedMain] INFO  o.s.c.s.PostProcessorRegistrationDelegate$BeanPostProcessorChecker - Bean 'org.springframework.security.config.annotation.method.configuration.GlobalMethodSecurityConfiguration' of type [org.springframework.security.config.annotation.method.configuration.GlobalMethodSecurityConfiguration] is not eligible for getting processed by all BeanPostProcessors (for example: not eligible for auto-proxying)
2021-02-19 09:56:25.824 [restartedMain] INFO  o.s.c.s.PostProcessorRegistrationDelegate$BeanPostProcessorChecker - Bean 'methodSecurityMetadataSource' of type [org.springframework.security.access.method.DelegatingMethodSecurityMetadataSource] is not eligible for getting processed by all BeanPostProcessors (for example: not eligible for auto-proxying)
2021-02-19 09:56:25.828 [restartedMain] INFO  o.s.c.s.PostProcessorRegistrationDelegate$BeanPostProcessorChecker - Bean 'org.springframework.boot.autoconfigure.jdbc.DataSourceTransactionManagerAutoConfiguration$DataSourceTransactionManagerConfiguration' of type [org.springframework.boot.autoconfigure.jdbc.DataSourceTransactionManagerAutoConfiguration$DataSourceTransactionManagerConfiguration] is not eligible for getting processed by all BeanPostProcessors (for example: not eligible for auto-proxying)
2021-02-19 09:56:25.830 [restartedMain] INFO  o.s.c.s.PostProcessorRegistrationDelegate$BeanPostProcessorChecker - Bean 'org.springframework.boot.autoconfigure.jdbc.DataSourceConfiguration$Hikari' of type [org.springframework.boot.autoconfigure.jdbc.DataSourceConfiguration$Hikari] is not eligible for getting processed by all BeanPostProcessors (for example: not eligible for auto-proxying)
2021-02-19 09:56:25.842 [restartedMain] INFO  o.s.c.s.PostProcessorRegistrationDelegate$BeanPostProcessorChecker - Bean 'spring.datasource-org.springframework.boot.autoconfigure.jdbc.DataSourceProperties' of type [org.springframework.boot.autoconfigure.jdbc.DataSourceProperties] is not eligible for getting processed by all BeanPostProcessors (for example: not eligible for auto-proxying)
2021-02-19 09:56:25.858 [restartedMain] INFO  o.s.c.s.PostProcessorRegistrationDelegate$BeanPostProcessorChecker - Bean 'dataSource' of type [com.zaxxer.hikari.HikariDataSource] is not eligible for getting processed by all BeanPostProcessors (for example: not eligible for auto-proxying)
2021-02-19 09:56:25.866 [restartedMain] INFO  o.s.c.s.PostProcessorRegistrationDelegate$BeanPostProcessorChecker - Bean 'org.springframework.boot.autoconfigure.jdbc.DataSourceInitializerInvoker' of type [org.springframework.boot.autoconfigure.jdbc.DataSourceInitializerInvoker] is not eligible for getting processed by all BeanPostProcessors (for example: not eligible for auto-proxying)
2021-02-19 09:56:25.869 [restartedMain] INFO  o.s.c.s.PostProcessorRegistrationDelegate$BeanPostProcessorChecker - Bean 'org.springframework.boot.autoconfigure.transaction.TransactionAutoConfiguration' of type [org.springframework.boot.autoconfigure.transaction.TransactionAutoConfiguration] is not eligible for getting processed by all BeanPostProcessors (for example: not eligible for auto-proxying)
2021-02-19 09:56:25.873 [restartedMain] INFO  o.s.c.s.PostProcessorRegistrationDelegate$BeanPostProcessorChecker - Bean 'spring.transaction-org.springframework.boot.autoconfigure.transaction.TransactionProperties' of type [org.springframework.boot.autoconfigure.transaction.TransactionProperties] is not eligible for getting processed by all BeanPostProcessors (for example: not eligible for auto-proxying)
2021-02-19 09:56:25.874 [restartedMain] INFO  o.s.c.s.PostProcessorRegistrationDelegate$BeanPostProcessorChecker - Bean 'platformTransactionManagerCustomizers' of type [org.springframework.boot.autoconfigure.transaction.TransactionManagerCustomizers] is not eligible for getting processed by all BeanPostProcessors (for example: not eligible for auto-proxying)
2021-02-19 09:56:25.878 [restartedMain] INFO  o.s.c.s.PostProcessorRegistrationDelegate$BeanPostProcessorChecker - Bean 'transactionManager' of type [org.springframework.jdbc.datasource.DataSourceTransactionManager] is not eligible for getting processed by all BeanPostProcessors (for example: not eligible for auto-proxying)
2021-02-19 09:56:25.881 [restartedMain] INFO  o.s.c.s.PostProcessorRegistrationDelegate$BeanPostProcessorChecker - Bean 'transactionAdviceConfig' of type [com.mark.base.config.TransactionAdviceConfig$$EnhancerBySpringCGLIB$$b7de12f9] is not eligible for getting processed by all BeanPostProcessors (for example: not eligible for auto-proxying)
2021-02-19 09:56:25.889 [restartedMain] INFO  o.s.c.s.PostProcessorRegistrationDelegate$BeanPostProcessorChecker - Bean 'txAdvice' of type [org.springframework.transaction.interceptor.TransactionInterceptor] is not eligible for getting processed by all BeanPostProcessors (for example: not eligible for auto-proxying)
2021-02-19 09:56:25.890 [restartedMain] INFO  o.s.c.s.PostProcessorRegistrationDelegate$BeanPostProcessorChecker - Bean 'txAdviceAdvisor' of type [org.springframework.aop.support.DefaultPointcutAdvisor] is not eligible for getting processed by all BeanPostProcessors (for example: not eligible for auto-proxying)
2021-02-19 09:56:25.895 [restartedMain] INFO  o.s.c.s.PostProcessorRegistrationDelegate$BeanPostProcessorChecker - Bean 'redisConfig' of type [com.mark.base.config.RedisConfig$$EnhancerBySpringCGLIB$$7dee5e] is not eligible for getting processed by all BeanPostProcessors (for example: not eligible for auto-proxying)
2021-02-19 09:56:26.227 [restartedMain] INFO  o.s.boot.web.embedded.tomcat.TomcatWebServer - Tomcat initialized with port(s): 6001 (http)
2021-02-19 09:56:26.233 [restartedMain] INFO  org.apache.coyote.http11.Http11NioProtocol - Initializing ProtocolHandler ["http-nio-6001"]
2021-02-19 09:56:26.233 [restartedMain] INFO  org.apache.catalina.core.StandardService - Starting service [Tomcat]
2021-02-19 09:56:26.233 [restartedMain] INFO  org.apache.catalina.core.StandardEngine - Starting Servlet engine: [Apache Tomcat/9.0.27]
2021-02-19 09:56:26.290 [restartedMain] INFO  o.a.c.core.ContainerBase.[Tomcat].[localhost].[/] - Initializing Spring embedded WebApplicationContext
2021-02-19 09:56:26.290 [restartedMain] INFO  org.springframework.web.context.ContextLoader - Root WebApplicationContext: initialization completed in 1426 ms
2021-02-19 09:56:26.422 [restartedMain] INFO  com.zaxxer.hikari.HikariDataSource - HikariPool-1 - Starting...
2021-02-19 09:56:26.798 [restartedMain] INFO  com.zaxxer.hikari.HikariDataSource - HikariPool-1 - Start completed.
2021-02-19 09:56:27.931 [restartedMain] INFO  s.d.s.w.PropertySourcedRequestMappingHandlerMapping - Mapped URL path [/v2/api-docs] onto method [springfox.documentation.swagger2.web.Swagger2Controller#getDocumentation(String, HttpServletRequest)]
2021-02-19 09:56:28.014 [restartedMain] INFO  o.s.security.web.DefaultSecurityFilterChain - Creating filter chain: Ant [pattern='/api/**'], []
2021-02-19 09:56:28.014 [restartedMain] INFO  o.s.security.web.DefaultSecurityFilterChain - Creating filter chain: Ant [pattern='/swagger-resources/**'], []
2021-02-19 09:56:28.014 [restartedMain] INFO  o.s.security.web.DefaultSecurityFilterChain - Creating filter chain: Ant [pattern='/webjars/**'], []
2021-02-19 09:56:28.014 [restartedMain] INFO  o.s.security.web.DefaultSecurityFilterChain - Creating filter chain: Ant [pattern='/v2/**'], []
2021-02-19 09:56:28.014 [restartedMain] INFO  o.s.security.web.DefaultSecurityFilterChain - Creating filter chain: Ant [pattern='/swagger-ui.html/**'], []
2021-02-19 09:56:28.148 [restartedMain] INFO  o.s.security.web.DefaultSecurityFilterChain - Creating filter chain: any request, [org.springframework.security.web.context.request.async.WebAsyncManagerIntegrationFilter@52034f78, org.springframework.security.web.context.SecurityContextPersistenceFilter@1c5c1d82, org.springframework.security.web.header.HeaderWriterFilter@498dfd97, org.springframework.web.filter.CorsFilter@7f5d91a3, org.springframework.security.web.authentication.logout.LogoutFilter@7618fa61, com.mark.security.filter.TokenLoginFilter@f78ed8b, com.mark.security.filter.TokenAuthenticationFilter@2d48fcaf, org.springframework.security.web.authentication.www.BasicAuthenticationFilter@5f4e57ac, org.springframework.security.web.savedrequest.RequestCacheAwareFilter@2245dd2d, org.springframework.security.web.servletapi.SecurityContextHolderAwareRequestFilter@74f992b0, org.springframework.security.web.authentication.AnonymousAuthenticationFilter@65f81ef1, org.springframework.security.web.session.SessionManagementFilter@1ca592a9, org.springframework.security.web.access.ExceptionTranslationFilter@72022c7c, org.springframework.security.web.access.intercept.FilterSecurityInterceptor@51169f0e]
2021-02-19 09:56:28.201 [restartedMain] INFO  o.s.scheduling.concurrent.ThreadPoolTaskExecutor - Initializing ExecutorService 'applicationTaskExecutor'
2021-02-19 09:56:28.247 [restartedMain] INFO  o.s.b.d.autoconfigure.OptionalLiveReloadServer - LiveReload server is running on port 35729
2021-02-19 09:56:28.505 [restartedMain] INFO  s.d.s.web.plugins.DocumentationPluginsBootstrapper - Context refreshed
2021-02-19 09:56:28.514 [restartedMain] INFO  s.d.s.web.plugins.DocumentationPluginsBootstrapper - Found 1 custom documentation plugin(s)
2021-02-19 09:56:28.597 [restartedMain] INFO  s.d.spring.web.scanners.ApiListingReferenceScanner - Scanning for api listing references
2021-02-19 09:56:28.803 [restartedMain] INFO  s.d.s.w.r.operation.CachingOperationNameGenerator - Generating unique operation named: getAllCategoryUsingGET_1
2021-02-19 09:56:28.896 [restartedMain] INFO  s.d.s.w.r.operation.CachingOperationNameGenerator - Generating unique operation named: getAllTagUsingGET_1
2021-02-19 09:56:28.960 [restartedMain] INFO  org.apache.coyote.http11.Http11NioProtocol - Starting ProtocolHandler ["http-nio-6001"]
2021-02-19 09:56:28.968 [restartedMain] INFO  org.apache.coyote.http11.Http11NioProtocol - Pausing ProtocolHandler ["http-nio-6001"]
2021-02-19 09:56:28.969 [restartedMain] INFO  org.apache.catalina.core.StandardService - Stopping service [Tomcat]
2021-02-19 09:56:28.971 [restartedMain] INFO  org.apache.coyote.http11.Http11NioProtocol - Stopping ProtocolHandler ["http-nio-6001"]
2021-02-19 09:56:28.971 [restartedMain] INFO  org.apache.coyote.http11.Http11NioProtocol - Destroying ProtocolHandler ["http-nio-6001"]
2021-02-19 09:56:28.973 [restartedMain] INFO  o.s.b.a.l.ConditionEvaluationReportLoggingListener - 

Error starting ApplicationContext. To display the conditions report re-run your application with 'debug' enabled.
2021-02-19 09:56:28.980 [restartedMain] INFO  o.s.scheduling.concurrent.ThreadPoolTaskExecutor - Shutting down ExecutorService 'applicationTaskExecutor'
2021-02-19 09:56:28.993 [restartedMain] INFO  com.zaxxer.hikari.HikariDataSource - HikariPool-1 - Shutdown initiated...
2021-02-19 09:56:28.997 [restartedMain] INFO  com.zaxxer.hikari.HikariDataSource - HikariPool-1 - Shutdown completed.
2021-02-19 09:58:16.278 [restartedMain] INFO  com.mark.BlogApplication - Starting BlogApplication on DESKTOP-STBQQN2 with PID 7344 (started by 木可 in D:\project\Idea Project\项目\boot_blog)
2021-02-19 09:58:16.280 [restartedMain] INFO  com.mark.BlogApplication - The following profiles are active: prod
2021-02-19 09:58:16.306 [restartedMain] INFO  o.s.boot.devtools.restart.ChangeableUrls - The Class-Path manifest attribute in D:\dev\env\maven\repo\com\sun\xml\bind\jaxb-core\2.3.0.1\jaxb-core-2.3.0.1.jar referenced one or more files that do not exist: file:/D:/dev/env/maven/repo/com/sun/xml/bind/jaxb-core/2.3.0.1/jaxb-api.jar
2021-02-19 09:58:16.306 [restartedMain] INFO  o.s.boot.devtools.restart.ChangeableUrls - The Class-Path manifest attribute in D:\dev\env\maven\repo\com\sun\xml\bind\jaxb-impl\2.3.2\jaxb-impl-2.3.2.jar referenced one or more files that do not exist: file:/D:/dev/env/maven/repo/com/sun/xml/bind/jaxb-impl/2.3.2/jaxb-runtime-2.3.2.jar,file:/D:/dev/env/maven/repo/com/sun/xml/bind/jaxb-impl/2.3.2/txw2-2.3.2.jar,file:/D:/dev/env/maven/repo/com/sun/xml/bind/jaxb-impl/2.3.2/istack-commons-runtime-3.0.8.jar,file:/D:/dev/env/maven/repo/com/sun/xml/bind/jaxb-impl/2.3.2/stax-ex-1.8.1.jar,file:/D:/dev/env/maven/repo/com/sun/xml/bind/jaxb-impl/2.3.2/FastInfoset-1.2.16.jar,file:/D:/dev/env/maven/repo/com/sun/xml/bind/jaxb-impl/2.3.2/jakarta.activation-api-1.2.1.jar
2021-02-19 09:58:16.307 [restartedMain] INFO  o.s.b.d.env.DevToolsPropertyDefaultsPostProcessor - Devtools property defaults active! Set 'spring.devtools.add-properties' to 'false' to disable
2021-02-19 09:58:16.307 [restartedMain] INFO  o.s.b.d.env.DevToolsPropertyDefaultsPostProcessor - For additional web related logging consider setting the 'logging.level.web' property to 'DEBUG'
2021-02-19 09:58:16.914 [restartedMain] INFO  o.s.d.r.config.RepositoryConfigurationDelegate - Multiple Spring Data modules found, entering strict repository configuration mode!
2021-02-19 09:58:16.915 [restartedMain] INFO  o.s.d.r.config.RepositoryConfigurationDelegate - Bootstrapping Spring Data repositories in DEFAULT mode.
2021-02-19 09:58:16.946 [restartedMain] INFO  o.s.d.r.config.RepositoryConfigurationDelegate - Finished Spring Data repository scanning in 21ms. Found 0 repository interfaces.
2021-02-19 09:58:17.161 [restartedMain] INFO  o.s.c.s.PostProcessorRegistrationDelegate$BeanPostProcessorChecker - Bean 'org.springframework.transaction.annotation.ProxyTransactionManagementConfiguration' of type [org.springframework.transaction.annotation.ProxyTransactionManagementConfiguration] is not eligible for getting processed by all BeanPostProcessors (for example: not eligible for auto-proxying)
2021-02-19 09:58:17.183 [restartedMain] INFO  o.s.c.s.PostProcessorRegistrationDelegate$BeanPostProcessorChecker - Bean 'org.springframework.security.config.annotation.configuration.ObjectPostProcessorConfiguration' of type [org.springframework.security.config.annotation.configuration.ObjectPostProcessorConfiguration] is not eligible for getting processed by all BeanPostProcessors (for example: not eligible for auto-proxying)
2021-02-19 09:58:17.185 [restartedMain] INFO  o.s.c.s.PostProcessorRegistrationDelegate$BeanPostProcessorChecker - Bean 'objectPostProcessor' of type [org.springframework.security.config.annotation.configuration.AutowireBeanFactoryObjectPostProcessor] is not eligible for getting processed by all BeanPostProcessors (for example: not eligible for auto-proxying)
2021-02-19 09:58:17.187 [restartedMain] INFO  o.s.c.s.PostProcessorRegistrationDelegate$BeanPostProcessorChecker - Bean 'org.springframework.security.access.expression.method.DefaultMethodSecurityExpressionHandler@2ab7a3c4' of type [org.springframework.security.access.expression.method.DefaultMethodSecurityExpressionHandler] is not eligible for getting processed by all BeanPostProcessors (for example: not eligible for auto-proxying)
2021-02-19 09:58:17.188 [restartedMain] INFO  o.s.c.s.PostProcessorRegistrationDelegate$BeanPostProcessorChecker - Bean 'org.springframework.security.config.annotation.method.configuration.GlobalMethodSecurityConfiguration' of type [org.springframework.security.config.annotation.method.configuration.GlobalMethodSecurityConfiguration] is not eligible for getting processed by all BeanPostProcessors (for example: not eligible for auto-proxying)
2021-02-19 09:58:17.190 [restartedMain] INFO  o.s.c.s.PostProcessorRegistrationDelegate$BeanPostProcessorChecker - Bean 'methodSecurityMetadataSource' of type [org.springframework.security.access.method.DelegatingMethodSecurityMetadataSource] is not eligible for getting processed by all BeanPostProcessors (for example: not eligible for auto-proxying)
2021-02-19 09:58:17.194 [restartedMain] INFO  o.s.c.s.PostProcessorRegistrationDelegate$BeanPostProcessorChecker - Bean 'org.springframework.boot.autoconfigure.jdbc.DataSourceTransactionManagerAutoConfiguration$DataSourceTransactionManagerConfiguration' of type [org.springframework.boot.autoconfigure.jdbc.DataSourceTransactionManagerAutoConfiguration$DataSourceTransactionManagerConfiguration] is not eligible for getting processed by all BeanPostProcessors (for example: not eligible for auto-proxying)
2021-02-19 09:58:17.196 [restartedMain] INFO  o.s.c.s.PostProcessorRegistrationDelegate$BeanPostProcessorChecker - Bean 'org.springframework.boot.autoconfigure.jdbc.DataSourceConfiguration$Hikari' of type [org.springframework.boot.autoconfigure.jdbc.DataSourceConfiguration$Hikari] is not eligible for getting processed by all BeanPostProcessors (for example: not eligible for auto-proxying)
2021-02-19 09:58:17.208 [restartedMain] INFO  o.s.c.s.PostProcessorRegistrationDelegate$BeanPostProcessorChecker - Bean 'spring.datasource-org.springframework.boot.autoconfigure.jdbc.DataSourceProperties' of type [org.springframework.boot.autoconfigure.jdbc.DataSourceProperties] is not eligible for getting processed by all BeanPostProcessors (for example: not eligible for auto-proxying)
2021-02-19 09:58:17.222 [restartedMain] INFO  o.s.c.s.PostProcessorRegistrationDelegate$BeanPostProcessorChecker - Bean 'dataSource' of type [com.zaxxer.hikari.HikariDataSource] is not eligible for getting processed by all BeanPostProcessors (for example: not eligible for auto-proxying)
2021-02-19 09:58:17.230 [restartedMain] INFO  o.s.c.s.PostProcessorRegistrationDelegate$BeanPostProcessorChecker - Bean 'org.springframework.boot.autoconfigure.jdbc.DataSourceInitializerInvoker' of type [org.springframework.boot.autoconfigure.jdbc.DataSourceInitializerInvoker] is not eligible for getting processed by all BeanPostProcessors (for example: not eligible for auto-proxying)
2021-02-19 09:58:17.232 [restartedMain] INFO  o.s.c.s.PostProcessorRegistrationDelegate$BeanPostProcessorChecker - Bean 'org.springframework.boot.autoconfigure.transaction.TransactionAutoConfiguration' of type [org.springframework.boot.autoconfigure.transaction.TransactionAutoConfiguration] is not eligible for getting processed by all BeanPostProcessors (for example: not eligible for auto-proxying)
2021-02-19 09:58:17.235 [restartedMain] INFO  o.s.c.s.PostProcessorRegistrationDelegate$BeanPostProcessorChecker - Bean 'spring.transaction-org.springframework.boot.autoconfigure.transaction.TransactionProperties' of type [org.springframework.boot.autoconfigure.transaction.TransactionProperties] is not eligible for getting processed by all BeanPostProcessors (for example: not eligible for auto-proxying)
2021-02-19 09:58:17.237 [restartedMain] INFO  o.s.c.s.PostProcessorRegistrationDelegate$BeanPostProcessorChecker - Bean 'platformTransactionManagerCustomizers' of type [org.springframework.boot.autoconfigure.transaction.TransactionManagerCustomizers] is not eligible for getting processed by all BeanPostProcessors (for example: not eligible for auto-proxying)
2021-02-19 09:58:17.239 [restartedMain] INFO  o.s.c.s.PostProcessorRegistrationDelegate$BeanPostProcessorChecker - Bean 'transactionManager' of type [org.springframework.jdbc.datasource.DataSourceTransactionManager] is not eligible for getting processed by all BeanPostProcessors (for example: not eligible for auto-proxying)
2021-02-19 09:58:17.241 [restartedMain] INFO  o.s.c.s.PostProcessorRegistrationDelegate$BeanPostProcessorChecker - Bean 'transactionAdviceConfig' of type [com.mark.base.config.TransactionAdviceConfig$$EnhancerBySpringCGLIB$$aba9506e] is not eligible for getting processed by all BeanPostProcessors (for example: not eligible for auto-proxying)
2021-02-19 09:58:17.248 [restartedMain] INFO  o.s.c.s.PostProcessorRegistrationDelegate$BeanPostProcessorChecker - Bean 'txAdvice' of type [org.springframework.transaction.interceptor.TransactionInterceptor] is not eligible for getting processed by all BeanPostProcessors (for example: not eligible for auto-proxying)
2021-02-19 09:58:17.248 [restartedMain] INFO  o.s.c.s.PostProcessorRegistrationDelegate$BeanPostProcessorChecker - Bean 'txAdviceAdvisor' of type [org.springframework.aop.support.DefaultPointcutAdvisor] is not eligible for getting processed by all BeanPostProcessors (for example: not eligible for auto-proxying)
2021-02-19 09:58:17.253 [restartedMain] INFO  o.s.c.s.PostProcessorRegistrationDelegate$BeanPostProcessorChecker - Bean 'redisConfig' of type [com.mark.base.config.RedisConfig$$EnhancerBySpringCGLIB$$f4492bd3] is not eligible for getting processed by all BeanPostProcessors (for example: not eligible for auto-proxying)
2021-02-19 09:58:17.561 [restartedMain] INFO  o.s.boot.web.embedded.tomcat.TomcatWebServer - Tomcat initialized with port(s): 6001 (http)
2021-02-19 09:58:17.567 [restartedMain] INFO  org.apache.coyote.http11.Http11NioProtocol - Initializing ProtocolHandler ["http-nio-6001"]
2021-02-19 09:58:17.567 [restartedMain] INFO  org.apache.catalina.core.StandardService - Starting service [Tomcat]
2021-02-19 09:58:17.567 [restartedMain] INFO  org.apache.catalina.core.StandardEngine - Starting Servlet engine: [Apache Tomcat/9.0.27]
2021-02-19 09:58:17.627 [restartedMain] INFO  o.a.c.core.ContainerBase.[Tomcat].[localhost].[/] - Initializing Spring embedded WebApplicationContext
2021-02-19 09:58:17.627 [restartedMain] INFO  org.springframework.web.context.ContextLoader - Root WebApplicationContext: initialization completed in 1320 ms
2021-02-19 09:58:17.769 [restartedMain] INFO  com.zaxxer.hikari.HikariDataSource - HikariPool-1 - Starting...
2021-02-19 09:58:18.148 [restartedMain] INFO  com.zaxxer.hikari.HikariDataSource - HikariPool-1 - Start completed.
2021-02-19 09:58:19.215 [restartedMain] INFO  s.d.s.w.PropertySourcedRequestMappingHandlerMapping - Mapped URL path [/v2/api-docs] onto method [springfox.documentation.swagger2.web.Swagger2Controller#getDocumentation(String, HttpServletRequest)]
2021-02-19 09:58:19.295 [restartedMain] INFO  o.s.security.web.DefaultSecurityFilterChain - Creating filter chain: Ant [pattern='/api/**'], []
2021-02-19 09:58:19.296 [restartedMain] INFO  o.s.security.web.DefaultSecurityFilterChain - Creating filter chain: Ant [pattern='/swagger-resources/**'], []
2021-02-19 09:58:19.296 [restartedMain] INFO  o.s.security.web.DefaultSecurityFilterChain - Creating filter chain: Ant [pattern='/webjars/**'], []
2021-02-19 09:58:19.296 [restartedMain] INFO  o.s.security.web.DefaultSecurityFilterChain - Creating filter chain: Ant [pattern='/v2/**'], []
2021-02-19 09:58:19.296 [restartedMain] INFO  o.s.security.web.DefaultSecurityFilterChain - Creating filter chain: Ant [pattern='/swagger-ui.html/**'], []
2021-02-19 09:58:19.429 [restartedMain] INFO  o.s.security.web.DefaultSecurityFilterChain - Creating filter chain: any request, [org.springframework.security.web.context.request.async.WebAsyncManagerIntegrationFilter@20abc9ea, org.springframework.security.web.context.SecurityContextPersistenceFilter@152a555f, org.springframework.security.web.header.HeaderWriterFilter@215ed7a1, org.springframework.web.filter.CorsFilter@42db9bec, org.springframework.security.web.authentication.logout.LogoutFilter@7acad8a4, com.mark.security.filter.TokenLoginFilter@189eddc3, com.mark.security.filter.TokenAuthenticationFilter@1d8d73c8, org.springframework.security.web.authentication.www.BasicAuthenticationFilter@65f0fc57, org.springframework.security.web.savedrequest.RequestCacheAwareFilter@243b7f9a, org.springframework.security.web.servletapi.SecurityContextHolderAwareRequestFilter@4c181637, org.springframework.security.web.authentication.AnonymousAuthenticationFilter@63171d0a, org.springframework.security.web.session.SessionManagementFilter@4fc15c24, org.springframework.security.web.access.ExceptionTranslationFilter@72dac603, org.springframework.security.web.access.intercept.FilterSecurityInterceptor@6eb50018]
2021-02-19 09:58:19.481 [restartedMain] INFO  o.s.scheduling.concurrent.ThreadPoolTaskExecutor - Initializing ExecutorService 'applicationTaskExecutor'
2021-02-19 09:58:19.525 [restartedMain] INFO  o.s.b.d.autoconfigure.OptionalLiveReloadServer - LiveReload server is running on port 35729
2021-02-19 09:58:19.778 [restartedMain] INFO  s.d.s.web.plugins.DocumentationPluginsBootstrapper - Context refreshed
2021-02-19 09:58:19.788 [restartedMain] INFO  s.d.s.web.plugins.DocumentationPluginsBootstrapper - Found 1 custom documentation plugin(s)
2021-02-19 09:58:19.887 [restartedMain] INFO  s.d.spring.web.scanners.ApiListingReferenceScanner - Scanning for api listing references
2021-02-19 09:58:20.091 [restartedMain] INFO  s.d.s.w.r.operation.CachingOperationNameGenerator - Generating unique operation named: getAllCategoryUsingGET_1
2021-02-19 09:58:20.187 [restartedMain] INFO  s.d.s.w.r.operation.CachingOperationNameGenerator - Generating unique operation named: getAllTagUsingGET_1
2021-02-19 09:58:20.251 [restartedMain] INFO  org.apache.coyote.http11.Http11NioProtocol - Starting ProtocolHandler ["http-nio-6001"]
2021-02-19 09:58:20.260 [restartedMain] INFO  org.apache.coyote.http11.Http11NioProtocol - Pausing ProtocolHandler ["http-nio-6001"]
2021-02-19 09:58:20.260 [restartedMain] INFO  org.apache.catalina.core.StandardService - Stopping service [Tomcat]
2021-02-19 09:58:20.263 [restartedMain] INFO  org.apache.coyote.http11.Http11NioProtocol - Stopping ProtocolHandler ["http-nio-6001"]
2021-02-19 09:58:20.263 [restartedMain] INFO  org.apache.coyote.http11.Http11NioProtocol - Destroying ProtocolHandler ["http-nio-6001"]
2021-02-19 09:58:20.265 [restartedMain] INFO  o.s.b.a.l.ConditionEvaluationReportLoggingListener - 

Error starting ApplicationContext. To display the conditions report re-run your application with 'debug' enabled.
2021-02-19 09:58:20.272 [restartedMain] INFO  o.s.scheduling.concurrent.ThreadPoolTaskExecutor - Shutting down ExecutorService 'applicationTaskExecutor'
2021-02-19 09:58:20.284 [restartedMain] INFO  com.zaxxer.hikari.HikariDataSource - HikariPool-1 - Shutdown initiated...
2021-02-19 09:58:20.286 [restartedMain] INFO  com.zaxxer.hikari.HikariDataSource - HikariPool-1 - Shutdown completed.
2021-02-19 09:58:35.661 [restartedMain] INFO  com.mark.BlogApplication - Starting BlogApplication on DESKTOP-STBQQN2 with PID 24536 (started by 木可 in D:\project\Idea Project\项目\boot_blog)
2021-02-19 09:58:35.663 [restartedMain] INFO  com.mark.BlogApplication - The following profiles are active: prod
2021-02-19 09:58:35.689 [restartedMain] INFO  o.s.boot.devtools.restart.ChangeableUrls - The Class-Path manifest attribute in D:\dev\env\maven\repo\com\sun\xml\bind\jaxb-core\2.3.0.1\jaxb-core-2.3.0.1.jar referenced one or more files that do not exist: file:/D:/dev/env/maven/repo/com/sun/xml/bind/jaxb-core/2.3.0.1/jaxb-api.jar
2021-02-19 09:58:35.690 [restartedMain] INFO  o.s.boot.devtools.restart.ChangeableUrls - The Class-Path manifest attribute in D:\dev\env\maven\repo\com\sun\xml\bind\jaxb-impl\2.3.2\jaxb-impl-2.3.2.jar referenced one or more files that do not exist: file:/D:/dev/env/maven/repo/com/sun/xml/bind/jaxb-impl/2.3.2/jaxb-runtime-2.3.2.jar,file:/D:/dev/env/maven/repo/com/sun/xml/bind/jaxb-impl/2.3.2/txw2-2.3.2.jar,file:/D:/dev/env/maven/repo/com/sun/xml/bind/jaxb-impl/2.3.2/istack-commons-runtime-3.0.8.jar,file:/D:/dev/env/maven/repo/com/sun/xml/bind/jaxb-impl/2.3.2/stax-ex-1.8.1.jar,file:/D:/dev/env/maven/repo/com/sun/xml/bind/jaxb-impl/2.3.2/FastInfoset-1.2.16.jar,file:/D:/dev/env/maven/repo/com/sun/xml/bind/jaxb-impl/2.3.2/jakarta.activation-api-1.2.1.jar
2021-02-19 09:58:35.690 [restartedMain] INFO  o.s.b.d.env.DevToolsPropertyDefaultsPostProcessor - Devtools property defaults active! Set 'spring.devtools.add-properties' to 'false' to disable
2021-02-19 09:58:35.690 [restartedMain] INFO  o.s.b.d.env.DevToolsPropertyDefaultsPostProcessor - For additional web related logging consider setting the 'logging.level.web' property to 'DEBUG'
2021-02-19 09:58:36.307 [restartedMain] INFO  o.s.d.r.config.RepositoryConfigurationDelegate - Multiple Spring Data modules found, entering strict repository configuration mode!
2021-02-19 09:58:36.309 [restartedMain] INFO  o.s.d.r.config.RepositoryConfigurationDelegate - Bootstrapping Spring Data repositories in DEFAULT mode.
2021-02-19 09:58:36.337 [restartedMain] INFO  o.s.d.r.config.RepositoryConfigurationDelegate - Finished Spring Data repository scanning in 19ms. Found 0 repository interfaces.
2021-02-19 09:58:36.538 [restartedMain] INFO  o.s.c.s.PostProcessorRegistrationDelegate$BeanPostProcessorChecker - Bean 'org.springframework.transaction.annotation.ProxyTransactionManagementConfiguration' of type [org.springframework.transaction.annotation.ProxyTransactionManagementConfiguration] is not eligible for getting processed by all BeanPostProcessors (for example: not eligible for auto-proxying)
2021-02-19 09:58:36.561 [restartedMain] INFO  o.s.c.s.PostProcessorRegistrationDelegate$BeanPostProcessorChecker - Bean 'org.springframework.security.config.annotation.configuration.ObjectPostProcessorConfiguration' of type [org.springframework.security.config.annotation.configuration.ObjectPostProcessorConfiguration] is not eligible for getting processed by all BeanPostProcessors (for example: not eligible for auto-proxying)
2021-02-19 09:58:36.563 [restartedMain] INFO  o.s.c.s.PostProcessorRegistrationDelegate$BeanPostProcessorChecker - Bean 'objectPostProcessor' of type [org.springframework.security.config.annotation.configuration.AutowireBeanFactoryObjectPostProcessor] is not eligible for getting processed by all BeanPostProcessors (for example: not eligible for auto-proxying)
2021-02-19 09:58:36.565 [restartedMain] INFO  o.s.c.s.PostProcessorRegistrationDelegate$BeanPostProcessorChecker - Bean 'org.springframework.security.access.expression.method.DefaultMethodSecurityExpressionHandler@6b2a7c7e' of type [org.springframework.security.access.expression.method.DefaultMethodSecurityExpressionHandler] is not eligible for getting processed by all BeanPostProcessors (for example: not eligible for auto-proxying)
2021-02-19 09:58:36.565 [restartedMain] INFO  o.s.c.s.PostProcessorRegistrationDelegate$BeanPostProcessorChecker - Bean 'org.springframework.security.config.annotation.method.configuration.GlobalMethodSecurityConfiguration' of type [org.springframework.security.config.annotation.method.configuration.GlobalMethodSecurityConfiguration] is not eligible for getting processed by all BeanPostProcessors (for example: not eligible for auto-proxying)
2021-02-19 09:58:36.567 [restartedMain] INFO  o.s.c.s.PostProcessorRegistrationDelegate$BeanPostProcessorChecker - Bean 'methodSecurityMetadataSource' of type [org.springframework.security.access.method.DelegatingMethodSecurityMetadataSource] is not eligible for getting processed by all BeanPostProcessors (for example: not eligible for auto-proxying)
2021-02-19 09:58:36.571 [restartedMain] INFO  o.s.c.s.PostProcessorRegistrationDelegate$BeanPostProcessorChecker - Bean 'org.springframework.boot.autoconfigure.jdbc.DataSourceTransactionManagerAutoConfiguration$DataSourceTransactionManagerConfiguration' of type [org.springframework.boot.autoconfigure.jdbc.DataSourceTransactionManagerAutoConfiguration$DataSourceTransactionManagerConfiguration] is not eligible for getting processed by all BeanPostProcessors (for example: not eligible for auto-proxying)
2021-02-19 09:58:36.573 [restartedMain] INFO  o.s.c.s.PostProcessorRegistrationDelegate$BeanPostProcessorChecker - Bean 'org.springframework.boot.autoconfigure.jdbc.DataSourceConfiguration$Hikari' of type [org.springframework.boot.autoconfigure.jdbc.DataSourceConfiguration$Hikari] is not eligible for getting processed by all BeanPostProcessors (for example: not eligible for auto-proxying)
2021-02-19 09:58:36.584 [restartedMain] INFO  o.s.c.s.PostProcessorRegistrationDelegate$BeanPostProcessorChecker - Bean 'spring.datasource-org.springframework.boot.autoconfigure.jdbc.DataSourceProperties' of type [org.springframework.boot.autoconfigure.jdbc.DataSourceProperties] is not eligible for getting processed by all BeanPostProcessors (for example: not eligible for auto-proxying)
2021-02-19 09:58:36.600 [restartedMain] INFO  o.s.c.s.PostProcessorRegistrationDelegate$BeanPostProcessorChecker - Bean 'dataSource' of type [com.zaxxer.hikari.HikariDataSource] is not eligible for getting processed by all BeanPostProcessors (for example: not eligible for auto-proxying)
2021-02-19 09:58:36.608 [restartedMain] INFO  o.s.c.s.PostProcessorRegistrationDelegate$BeanPostProcessorChecker - Bean 'org.springframework.boot.autoconfigure.jdbc.DataSourceInitializerInvoker' of type [org.springframework.boot.autoconfigure.jdbc.DataSourceInitializerInvoker] is not eligible for getting processed by all BeanPostProcessors (for example: not eligible for auto-proxying)
2021-02-19 09:58:36.610 [restartedMain] INFO  o.s.c.s.PostProcessorRegistrationDelegate$BeanPostProcessorChecker - Bean 'org.springframework.boot.autoconfigure.transaction.TransactionAutoConfiguration' of type [org.springframework.boot.autoconfigure.transaction.TransactionAutoConfiguration] is not eligible for getting processed by all BeanPostProcessors (for example: not eligible for auto-proxying)
2021-02-19 09:58:36.613 [restartedMain] INFO  o.s.c.s.PostProcessorRegistrationDelegate$BeanPostProcessorChecker - Bean 'spring.transaction-org.springframework.boot.autoconfigure.transaction.TransactionProperties' of type [org.springframework.boot.autoconfigure.transaction.TransactionProperties] is not eligible for getting processed by all BeanPostProcessors (for example: not eligible for auto-proxying)
2021-02-19 09:58:36.615 [restartedMain] INFO  o.s.c.s.PostProcessorRegistrationDelegate$BeanPostProcessorChecker - Bean 'platformTransactionManagerCustomizers' of type [org.springframework.boot.autoconfigure.transaction.TransactionManagerCustomizers] is not eligible for getting processed by all BeanPostProcessors (for example: not eligible for auto-proxying)
2021-02-19 09:58:36.618 [restartedMain] INFO  o.s.c.s.PostProcessorRegistrationDelegate$BeanPostProcessorChecker - Bean 'transactionManager' of type [org.springframework.jdbc.datasource.DataSourceTransactionManager] is not eligible for getting processed by all BeanPostProcessors (for example: not eligible for auto-proxying)
2021-02-19 09:58:36.619 [restartedMain] INFO  o.s.c.s.PostProcessorRegistrationDelegate$BeanPostProcessorChecker - Bean 'transactionAdviceConfig' of type [com.mark.base.config.TransactionAdviceConfig$$EnhancerBySpringCGLIB$$abc7330d] is not eligible for getting processed by all BeanPostProcessors (for example: not eligible for auto-proxying)
2021-02-19 09:58:36.627 [restartedMain] INFO  o.s.c.s.PostProcessorRegistrationDelegate$BeanPostProcessorChecker - Bean 'txAdvice' of type [org.springframework.transaction.interceptor.TransactionInterceptor] is not eligible for getting processed by all BeanPostProcessors (for example: not eligible for auto-proxying)
2021-02-19 09:58:36.627 [restartedMain] INFO  o.s.c.s.PostProcessorRegistrationDelegate$BeanPostProcessorChecker - Bean 'txAdviceAdvisor' of type [org.springframework.aop.support.DefaultPointcutAdvisor] is not eligible for getting processed by all BeanPostProcessors (for example: not eligible for auto-proxying)
2021-02-19 09:58:36.633 [restartedMain] INFO  o.s.c.s.PostProcessorRegistrationDelegate$BeanPostProcessorChecker - Bean 'redisConfig' of type [com.mark.base.config.RedisConfig$$EnhancerBySpringCGLIB$$f4670e72] is not eligible for getting processed by all BeanPostProcessors (for example: not eligible for auto-proxying)
2021-02-19 09:58:36.975 [restartedMain] INFO  o.s.boot.web.embedded.tomcat.TomcatWebServer - Tomcat initialized with port(s): 6002 (http)
2021-02-19 09:58:36.981 [restartedMain] INFO  org.apache.coyote.http11.Http11NioProtocol - Initializing ProtocolHandler ["http-nio-6002"]
2021-02-19 09:58:36.981 [restartedMain] INFO  org.apache.catalina.core.StandardService - Starting service [Tomcat]
2021-02-19 09:58:36.981 [restartedMain] INFO  org.apache.catalina.core.StandardEngine - Starting Servlet engine: [Apache Tomcat/9.0.27]
2021-02-19 09:58:37.047 [restartedMain] INFO  o.a.c.core.ContainerBase.[Tomcat].[localhost].[/] - Initializing Spring embedded WebApplicationContext
2021-02-19 09:58:37.047 [restartedMain] INFO  org.springframework.web.context.ContextLoader - Root WebApplicationContext: initialization completed in 1357 ms
2021-02-19 09:58:37.183 [restartedMain] INFO  com.zaxxer.hikari.HikariDataSource - HikariPool-1 - Starting...
2021-02-19 09:58:37.506 [restartedMain] INFO  com.zaxxer.hikari.HikariDataSource - HikariPool-1 - Start completed.
2021-02-19 09:58:38.582 [restartedMain] INFO  s.d.s.w.PropertySourcedRequestMappingHandlerMapping - Mapped URL path [/v2/api-docs] onto method [springfox.documentation.swagger2.web.Swagger2Controller#getDocumentation(String, HttpServletRequest)]
2021-02-19 09:58:38.661 [restartedMain] INFO  o.s.security.web.DefaultSecurityFilterChain - Creating filter chain: Ant [pattern='/api/**'], []
2021-02-19 09:58:38.661 [restartedMain] INFO  o.s.security.web.DefaultSecurityFilterChain - Creating filter chain: Ant [pattern='/swagger-resources/**'], []
2021-02-19 09:58:38.661 [restartedMain] INFO  o.s.security.web.DefaultSecurityFilterChain - Creating filter chain: Ant [pattern='/webjars/**'], []
2021-02-19 09:58:38.661 [restartedMain] INFO  o.s.security.web.DefaultSecurityFilterChain - Creating filter chain: Ant [pattern='/v2/**'], []
2021-02-19 09:58:38.661 [restartedMain] INFO  o.s.security.web.DefaultSecurityFilterChain - Creating filter chain: Ant [pattern='/swagger-ui.html/**'], []
2021-02-19 09:58:38.798 [restartedMain] INFO  o.s.security.web.DefaultSecurityFilterChain - Creating filter chain: any request, [org.springframework.security.web.context.request.async.WebAsyncManagerIntegrationFilter@2942ac83, org.springframework.security.web.context.SecurityContextPersistenceFilter@26a26cb5, org.springframework.security.web.header.HeaderWriterFilter@197f759b, org.springframework.web.filter.CorsFilter@248f487c, org.springframework.security.web.authentication.logout.LogoutFilter@509a92b7, com.mark.security.filter.TokenLoginFilter@77681b16, com.mark.security.filter.TokenAuthenticationFilter@b938d65, org.springframework.security.web.authentication.www.BasicAuthenticationFilter@514b8166, org.springframework.security.web.savedrequest.RequestCacheAwareFilter@29e91576, org.springframework.security.web.servletapi.SecurityContextHolderAwareRequestFilter@4f650904, org.springframework.security.web.authentication.AnonymousAuthenticationFilter@37091e20, org.springframework.security.web.session.SessionManagementFilter@28ca8a77, org.springframework.security.web.access.ExceptionTranslationFilter@1d2f8ba, org.springframework.security.web.access.intercept.FilterSecurityInterceptor@79e22837]
2021-02-19 09:58:38.851 [restartedMain] INFO  o.s.scheduling.concurrent.ThreadPoolTaskExecutor - Initializing ExecutorService 'applicationTaskExecutor'
2021-02-19 09:58:38.897 [restartedMain] INFO  o.s.b.d.autoconfigure.OptionalLiveReloadServer - LiveReload server is running on port 35729
2021-02-19 09:58:39.157 [restartedMain] INFO  s.d.s.web.plugins.DocumentationPluginsBootstrapper - Context refreshed
2021-02-19 09:58:39.167 [restartedMain] INFO  s.d.s.web.plugins.DocumentationPluginsBootstrapper - Found 1 custom documentation plugin(s)
2021-02-19 09:58:39.253 [restartedMain] INFO  s.d.spring.web.scanners.ApiListingReferenceScanner - Scanning for api listing references
2021-02-19 09:58:39.456 [restartedMain] INFO  s.d.s.w.r.operation.CachingOperationNameGenerator - Generating unique operation named: getAllCategoryUsingGET_1
2021-02-19 09:58:39.552 [restartedMain] INFO  s.d.s.w.r.operation.CachingOperationNameGenerator - Generating unique operation named: getAllTagUsingGET_1
2021-02-19 09:58:39.615 [restartedMain] INFO  org.apache.coyote.http11.Http11NioProtocol - Starting ProtocolHandler ["http-nio-6002"]
2021-02-19 09:58:39.630 [restartedMain] INFO  o.s.boot.web.embedded.tomcat.TomcatWebServer - Tomcat started on port(s): 6002 (http) with context path ''
2021-02-19 09:58:39.632 [restartedMain] INFO  com.mark.BlogApplication - Started BlogApplication in 4.311 seconds (JVM running for 4.895)
